<?xml version="1.0" encoding="UTF-8" standalone="no"?><testsuite errors="0" failures="0" name="WordCounter page verification" skipped="0" tests="5" time="21.69" timestamp="2022-05-01 08:52:06"><testcase name="check the number of words in the assigned sentence"/><testcase name="check the number of characters in the assigned sentence"/><testcase name="check the order of Keyword Density section first word"/><testcase name="check the order of Keyword Density section second word"/><testcase name="check the order of Keyword Density section third word"/></testsuite>